<?xml version="1.0" encoding="UTF-8"?>
<coverage generated="1608437173781" clover="3.2.0">
  <project timestamp="1608437173781" name="All files">
    <metrics statements="63" coveredstatements="63" conditionals="20" coveredconditionals="20" methods="18" coveredmethods="18" elements="101" coveredelements="101" complexity="0" loc="63" ncloc="63" packages="1" files="3" classes="3"/>
    <file name="Resource.ts" path="/Users/sarahdayan/Projets/sitemaptree/src/Resource.ts">
      <metrics statements="15" coveredstatements="15" conditionals="4" coveredconditionals="4" methods="4" coveredmethods="4"/>
      <line num="1" count="2" type="stmt"/>
      <line num="2" count="2" type="stmt"/>
      <line num="4" count="2" type="stmt"/>
      <line num="10" count="22" type="cond" truecount="2" falsecount="0"/>
      <line num="11" count="21" type="stmt"/>
      <line num="12" count="21" type="cond" truecount="2" falsecount="0"/>
      <line num="13" count="21" type="stmt"/>
      <line num="15" count="21" type="stmt"/>
      <line num="18" count="1" type="stmt"/>
      <line num="21" count="2" type="stmt"/>
      <line num="22" count="21" type="stmt"/>
      <line num="25" count="2" type="stmt"/>
      <line num="26" count="21" type="stmt"/>
      <line num="28" count="21" type="stmt"/>
      <line num="30" count="2" type="stmt"/>
    </file>
    <file name="SitemapTree.ts" path="/Users/sarahdayan/Projets/sitemaptree/src/SitemapTree.ts">
      <metrics statements="46" coveredstatements="46" conditionals="16" coveredconditionals="16" methods="14" coveredmethods="14"/>
      <line num="3" count="2" type="stmt"/>
      <line num="12" count="53" type="cond" truecount="2" falsecount="0"/>
      <line num="15" count="39" type="stmt"/>
      <line num="16" count="39" type="stmt"/>
      <line num="17" count="39" type="stmt"/>
      <line num="18" count="39" type="stmt"/>
      <line num="19" count="39" type="cond" truecount="2" falsecount="0"/>
      <line num="20" count="39" type="stmt"/>
      <line num="26" count="2" type="stmt"/>
      <line num="27" count="13" type="stmt"/>
      <line num="33" count="2" type="stmt"/>
      <line num="34" count="13" type="stmt"/>
      <line num="40" count="2" type="stmt"/>
      <line num="41" count="14" type="stmt"/>
      <line num="47" count="2" type="stmt"/>
      <line num="48" count="7" type="stmt"/>
      <line num="54" count="2" type="stmt"/>
      <line num="55" count="7" type="stmt"/>
      <line num="61" count="2" type="stmt"/>
      <line num="62" count="2" type="cond" truecount="6" falsecount="0"/>
      <line num="68" count="2" type="stmt"/>
      <line num="69" count="3" type="stmt"/>
      <line num="77" count="2" type="stmt"/>
      <line num="78" count="16" type="stmt"/>
      <line num="80" count="16" type="stmt"/>
      <line num="88" count="2" type="stmt"/>
      <line num="89" count="3" type="stmt"/>
      <line num="97" count="2" type="stmt"/>
      <line num="98" count="1" type="stmt"/>
      <line num="101" count="2" type="stmt"/>
      <line num="102" count="48" type="cond" truecount="2" falsecount="0"/>
      <line num="103" count="16" type="stmt"/>
      <line num="105" count="16" type="stmt"/>
      <line num="108" count="64" type="stmt"/>
      <line num="109" count="32" type="stmt"/>
      <line num="110" count="32" type="stmt"/>
      <line num="111" count="14" type="stmt"/>
      <line num="114" count="32" type="cond" truecount="2" falsecount="0"/>
      <line num="116" count="32" type="cond" truecount="2" falsecount="0"/>
      <line num="117" count="25" type="stmt"/>
      <line num="118" count="25" type="stmt"/>
      <line num="119" count="25" type="stmt"/>
      <line num="121" count="25" type="stmt"/>
      <line num="123" count="25" type="stmt"/>
      <line num="126" count="32" type="stmt"/>
      <line num="128" count="2" type="stmt"/>
    </file>
    <file name="index.ts" path="/Users/sarahdayan/Projets/sitemaptree/src/index.ts">
      <metrics statements="2" coveredstatements="2" conditionals="0" coveredconditionals="0" methods="0" coveredmethods="0"/>
      <line num="1" count="2" type="stmt"/>
      <line num="2" count="2" type="stmt"/>
    </file>
  </project>
</coverage>
