{"/Users/sarahdayan/Projets/sitemaptree/src/Resource.ts": {"path":"/Users/sarahdayan/Projets/sitemaptree/src/Resource.ts","statementMap":{"0":{"start":{"line":1,"column":0},"end":{"line":1,"column":20}},"1":{"start":{"line":2,"column":0},"end":{"line":2,"column":24}},"2":{"start":{"line":4,"column":0},"end":{"line":4,"column":13}},"3":{"start":{"line":10,"column":4},"end":{"line":16,"column":null}},"4":{"start":{"line":11,"column":6},"end":{"line":11,"column":31}},"5":{"start":{"line":12,"column":6},"end":{"line":12,"column":79}},"6":{"start":{"line":13,"column":6},"end":{"line":13,"column":41}},"7":{"start":{"line":15,"column":6},"end":{"line":15,"column":13}},"8":{"start":{"line":18,"column":4},"end":{"line":18,"column":49}},"9":{"start":{"line":21,"column":10},"end":{"line":23,"column":null}},"10":{"start":{"line":22,"column":4},"end":{"line":22,"column":45}},"11":{"start":{"line":25,"column":10},"end":{"line":29,"column":null}},"12":{"start":{"line":26,"column":26},"end":{"line":26,"column":66}},"13":{"start":{"line":26,"column":15},"end":{"line":26,"column":17}},"14":{"start":{"line":26,"column":21},"end":{"line":26,"column":26}},"15":{"start":{"line":28,"column":4},"end":{"line":28,"column":39}},"16":{"start":{"line":30,"column":0},"end":{"line":30,"column":null}},"17":{"start":{"line":4,"column":13},"end":{"line":4,"column":21}}},"fnMap":{"0":{"name":"(anonymous_0)","decl":{"start":{"line":4,"column":0},"end":{"line":4,"column":13}},"loc":{"start":{"line":4,"column":0},"end":{"line":30,"column":null}}},"1":{"name":"Resource","decl":{"start":{"line":9,"column":2},"end":{"line":9,"column":14}},"loc":{"start":{"line":9,"column":58},"end":{"line":19,"column":3}}},"2":{"name":"(anonymous_2)","decl":{"start":{"line":21,"column":2},"end":{"line":21,"column":10}},"loc":{"start":{"line":21,"column":32},"end":{"line":23,"column":3}}},"3":{"name":"(anonymous_3)","decl":{"start":{"line":25,"column":2},"end":{"line":25,"column":10}},"loc":{"start":{"line":25,"column":44},"end":{"line":29,"column":3}}}},"branchMap":{"0":{"loc":{"start":{"line":10,"column":4},"end":{"line":16,"column":null}},"type":"if","locations":[{"start":{"line":10,"column":4},"end":{"line":16,"column":null}},{"start":{"line":10,"column":4},"end":{"line":16,"column":null}}]},"1":{"loc":{"start":{"line":12,"column":48},"end":{"line":12,"column":63}},"type":"binary-expr","locations":[{"start":{"line":12,"column":48},"end":{"line":12,"column":63}},{"start":{"line":12,"column":67},"end":{"line":12,"column":77}}]}},"s":{"0":2,"1":2,"2":2,"3":22,"4":21,"5":21,"6":21,"7":21,"8":1,"9":2,"10":21,"11":2,"12":21,"13":21,"14":21,"15":21,"16":2,"17":2},"f":{"0":2,"1":22,"2":21,"3":21},"b":{"0":[21,1],"1":[21,19]}}
,"/Users/sarahdayan/Projets/sitemaptree/src/SitemapTree.ts": {"path":"/Users/sarahdayan/Projets/sitemaptree/src/SitemapTree.ts","statementMap":{"0":{"start":{"line":3,"column":0},"end":{"line":3,"column":13}},"1":{"start":{"line":12,"column":4},"end":{"line":12,"column":null}},"2":{"start":{"line":15,"column":4},"end":{"line":15,"column":26}},"3":{"start":{"line":16,"column":4},"end":{"line":16,"column":24}},"4":{"start":{"line":17,"column":4},"end":{"line":17,"column":24}},"5":{"start":{"line":18,"column":4},"end":{"line":18,"column":21}},"6":{"start":{"line":19,"column":4},"end":{"line":19,"column":27}},"7":{"start":{"line":20,"column":4},"end":{"line":20,"column":28}},"8":{"start":{"line":26,"column":2},"end":{"line":28,"column":null}},"9":{"start":{"line":27,"column":4},"end":{"line":27,"column":26}},"10":{"start":{"line":33,"column":2},"end":{"line":35,"column":null}},"11":{"start":{"line":34,"column":4},"end":{"line":34,"column":24}},"12":{"start":{"line":40,"column":2},"end":{"line":42,"column":null}},"13":{"start":{"line":41,"column":4},"end":{"line":41,"column":26}},"14":{"start":{"line":47,"column":2},"end":{"line":49,"column":null}},"15":{"start":{"line":48,"column":4},"end":{"line":48,"column":21}},"16":{"start":{"line":54,"column":2},"end":{"line":56,"column":null}},"17":{"start":{"line":55,"column":4},"end":{"line":55,"column":25}},"18":{"start":{"line":61,"column":2},"end":{"line":63,"column":null}},"19":{"start":{"line":62,"column":4},"end":{"line":62,"column":45}},"20":{"start":{"line":68,"column":2},"end":{"line":70,"column":null}},"21":{"start":{"line":69,"column":4},"end":{"line":69,"column":21}},"22":{"start":{"line":77,"column":2},"end":{"line":81,"column":null}},"23":{"start":{"line":78,"column":18},"end":{"line":78,"column":65}},"24":{"start":{"line":80,"column":4},"end":{"line":80,"column":39}},"25":{"start":{"line":88,"column":2},"end":{"line":90,"column":null}},"26":{"start":{"line":89,"column":4},"end":{"line":89,"column":26}},"27":{"start":{"line":97,"column":2},"end":{"line":99,"column":null}},"28":{"start":{"line":98,"column":4},"end":{"line":98,"column":70}},"29":{"start":{"line":101,"column":10},"end":{"line":127,"column":null}},"30":{"start":{"line":102,"column":4},"end":{"line":106,"column":null}},"31":{"start":{"line":103,"column":6},"end":{"line":103,"column":32}},"32":{"start":{"line":105,"column":6},"end":{"line":105,"column":13}},"33":{"start":{"line":108,"column":41},"end":{"line":108,"column":47}},"34":{"start":{"line":109,"column":22},"end":{"line":109,"column":52}},"35":{"start":{"line":110,"column":26},"end":{"line":111,"column":null}},"36":{"start":{"line":111,"column":15},"end":{"line":111,"column":null}},"37":{"start":{"line":114,"column":16},"end":{"line":114,"column":62}},"38":{"start":{"line":116,"column":4},"end":{"line":124,"column":null}},"39":{"start":{"line":117,"column":6},"end":{"line":117,"column":54}},"40":{"start":{"line":118,"column":6},"end":{"line":118,"column":27}},"41":{"start":{"line":119,"column":6},"end":{"line":119,"column":42}},"42":{"start":{"line":121,"column":6},"end":{"line":121,"column":36}},"43":{"start":{"line":123,"column":6},"end":{"line":123,"column":33}},"44":{"start":{"line":126,"column":4},"end":{"line":126,"column":56}},"45":{"start":{"line":128,"column":0},"end":{"line":128,"column":null}},"46":{"start":{"line":3,"column":13},"end":{"line":3,"column":24}}},"fnMap":{"0":{"name":"(anonymous_0)","decl":{"start":{"line":3,"column":0},"end":{"line":3,"column":13}},"loc":{"start":{"line":3,"column":0},"end":{"line":128,"column":null}}},"1":{"name":"SitemapTree","decl":{"start":{"line":11,"column":2},"end":{"line":11,"column":null}},"loc":{"start":{"line":13,"column":38},"end":{"line":21,"column":3}}},"2":{"name":"(anonymous_2)","decl":{"start":{"line":26,"column":2},"end":{"line":26,"column":6}},"loc":{"start":{"line":26,"column":2},"end":{"line":28,"column":3}}},"3":{"name":"(anonymous_3)","decl":{"start":{"line":33,"column":2},"end":{"line":33,"column":6}},"loc":{"start":{"line":33,"column":2},"end":{"line":35,"column":3}}},"4":{"name":"(anonymous_4)","decl":{"start":{"line":40,"column":2},"end":{"line":40,"column":6}},"loc":{"start":{"line":40,"column":2},"end":{"line":42,"column":3}}},"5":{"name":"(anonymous_5)","decl":{"start":{"line":47,"column":2},"end":{"line":47,"column":6}},"loc":{"start":{"line":47,"column":2},"end":{"line":49,"column":3}}},"6":{"name":"(anonymous_6)","decl":{"start":{"line":54,"column":2},"end":{"line":54,"column":6}},"loc":{"start":{"line":54,"column":2},"end":{"line":56,"column":3}}},"7":{"name":"(anonymous_7)","decl":{"start":{"line":61,"column":2},"end":{"line":61,"column":6}},"loc":{"start":{"line":61,"column":2},"end":{"line":63,"column":3}}},"8":{"name":"(anonymous_8)","decl":{"start":{"line":68,"column":2},"end":{"line":68,"column":6}},"loc":{"start":{"line":68,"column":2},"end":{"line":70,"column":3}}},"9":{"name":"(anonymous_9)","decl":{"start":{"line":77,"column":2},"end":{"line":77,"column":5}},"loc":{"start":{"line":77,"column":24},"end":{"line":81,"column":3}}},"10":{"name":"(anonymous_10)","decl":{"start":{"line":88,"column":2},"end":{"line":88,"column":9}},"loc":{"start":{"line":88,"column":21},"end":{"line":90,"column":3}}},"11":{"name":"(anonymous_11)","decl":{"start":{"line":97,"column":2},"end":{"line":97,"column":14}},"loc":{"start":{"line":97,"column":33},"end":{"line":99,"column":3}}},"12":{"name":"(anonymous_12)","decl":{"start":{"line":101,"column":2},"end":{"line":101,"column":10}},"loc":{"start":{"line":101,"column":75},"end":{"line":127,"column":3}}},"13":{"name":"(anonymous_13)","decl":{"start":{"line":111,"column":6},"end":{"line":111,"column":11}},"loc":{"start":{"line":111,"column":11},"end":{"line":111,"column":20}}}},"branchMap":{"0":{"loc":{"start":{"line":12,"column":4},"end":{"line":12,"column":null}},"type":"if","locations":[{"start":{"line":12,"column":4},"end":{"line":12,"column":null}},{"start":{"line":12,"column":4},"end":{"line":12,"column":null}}]},"1":{"loc":{"start":{"line":19,"column":16},"end":{"line":19,"column":20}},"type":"binary-expr","locations":[{"start":{"line":19,"column":16},"end":{"line":19,"column":20}},{"start":{"line":19,"column":24},"end":{"line":19,"column":26}}]},"2":{"loc":{"start":{"line":62,"column":11},"end":{"line":62,"column":34}},"type":"binary-expr","locations":[{"start":{"line":62,"column":11},"end":{"line":62,"column":34}},{"start":{"line":62,"column":38},"end":{"line":62,"column":44}}]},"3":{"loc":{"start":{"line":62,"column":23},"end":{"line":62,"column":25}},"type":"cond-expr","locations":[{"start":{"line":62,"column":23},"end":{"line":62,"column":25}},{"start":{"line":62,"column":23},"end":{"line":62,"column":34}}]},"4":{"loc":{"start":{"line":62,"column":11},"end":{"line":62,"column":25}},"type":"binary-expr","locations":[{"start":{"line":62,"column":11},"end":{"line":62,"column":25}},{"start":{"line":62,"column":23},"end":{"line":62,"column":25}}]},"5":{"loc":{"start":{"line":102,"column":4},"end":{"line":106,"column":null}},"type":"if","locations":[{"start":{"line":102,"column":4},"end":{"line":106,"column":null}},{"start":{"line":102,"column":4},"end":{"line":106,"column":null}}]},"6":{"loc":{"start":{"line":114,"column":39},"end":{"line":114,"column":55}},"type":"cond-expr","locations":[{"start":{"line":114,"column":39},"end":{"line":114,"column":55}},{"start":{"line":114,"column":58},"end":{"line":114,"column":62}}]},"7":{"loc":{"start":{"line":116,"column":4},"end":{"line":124,"column":null}},"type":"if","locations":[{"start":{"line":116,"column":4},"end":{"line":124,"column":null}},{"start":{"line":116,"column":4},"end":{"line":124,"column":null}}]}},"s":{"0":2,"1":53,"2":39,"3":39,"4":39,"5":39,"6":39,"7":39,"8":2,"9":13,"10":2,"11":13,"12":2,"13":14,"14":2,"15":7,"16":2,"17":7,"18":2,"19":2,"20":2,"21":3,"22":2,"23":16,"24":16,"25":2,"26":3,"27":2,"28":1,"29":2,"30":48,"31":16,"32":16,"33":64,"34":32,"35":32,"36":14,"37":32,"38":32,"39":25,"40":25,"41":25,"42":25,"43":25,"44":32,"45":2,"46":2},"f":{"0":2,"1":39,"2":13,"3":13,"4":14,"5":7,"6":7,"7":2,"8":3,"9":16,"10":3,"11":1,"12":48,"13":14},"b":{"0":[14,25],"1":[39,14],"2":[2,1],"3":[1,1],"4":[2,1],"5":[16,32],"6":[7,25],"7":[25,7]}}
,"/Users/sarahdayan/Projets/sitemaptree/src/index.ts": {"path":"/Users/sarahdayan/Projets/sitemaptree/src/index.ts","statementMap":{"0":{"start":{"line":1,"column":0},"end":{"line":1,"column":27}},"1":{"start":{"line":2,"column":0},"end":{"line":2,"column":30}}},"fnMap":{},"branchMap":{},"s":{"0":2,"1":2},"f":{},"b":{}}
}
