TN:
SF:src/Resource.ts
FN:4,(anonymous_0)
FN:9,Resource
FN:21,(anonymous_2)
FN:25,(anonymous_3)
FNF:4
FNH:4
FNDA:2,(anonymous_0)
FNDA:22,Resource
FNDA:21,(anonymous_2)
FNDA:21,(anonymous_3)
DA:1,2
DA:2,2
DA:4,2
DA:10,22
DA:11,21
DA:12,21
DA:13,21
DA:15,21
DA:18,1
DA:21,2
DA:22,21
DA:25,2
DA:26,21
DA:28,21
DA:30,2
LF:15
LH:15
BRDA:10,0,0,21
BRDA:10,0,1,1
BRDA:12,1,0,21
BRDA:12,1,1,19
BRF:4
BRH:4
end_of_record
TN:
SF:src/SitemapTree.ts
FN:3,(anonymous_0)
FN:11,SitemapTree
FN:26,(anonymous_2)
FN:33,(anonymous_3)
FN:40,(anonymous_4)
FN:47,(anonymous_5)
FN:54,(anonymous_6)
FN:61,(anonymous_7)
FN:68,(anonymous_8)
FN:77,(anonymous_9)
FN:88,(anonymous_10)
FN:97,(anonymous_11)
FN:101,(anonymous_12)
FN:111,(anonymous_13)
FNF:14
FNH:14
FNDA:2,(anonymous_0)
FNDA:39,SitemapTree
FNDA:13,(anonymous_2)
FNDA:13,(anonymous_3)
FNDA:14,(anonymous_4)
FNDA:7,(anonymous_5)
FNDA:7,(anonymous_6)
FNDA:2,(anonymous_7)
FNDA:3,(anonymous_8)
FNDA:16,(anonymous_9)
FNDA:3,(anonymous_10)
FNDA:1,(anonymous_11)
FNDA:48,(anonymous_12)
FNDA:14,(anonymous_13)
DA:3,2
DA:12,53
DA:15,39
DA:16,39
DA:17,39
DA:18,39
DA:19,39
DA:20,39
DA:26,2
DA:27,13
DA:33,2
DA:34,13
DA:40,2
DA:41,14
DA:47,2
DA:48,7
DA:54,2
DA:55,7
DA:61,2
DA:62,2
DA:68,2
DA:69,3
DA:77,2
DA:78,16
DA:80,16
DA:88,2
DA:89,3
DA:97,2
DA:98,1
DA:101,2
DA:102,48
DA:103,16
DA:105,16
DA:108,64
DA:109,32
DA:110,32
DA:111,14
DA:114,32
DA:116,32
DA:117,25
DA:118,25
DA:119,25
DA:121,25
DA:123,25
DA:126,32
DA:128,2
LF:46
LH:46
BRDA:12,0,0,14
BRDA:12,0,1,25
BRDA:19,1,0,39
BRDA:19,1,1,14
BRDA:62,2,0,2
BRDA:62,2,1,1
BRDA:62,3,0,1
BRDA:62,3,1,1
BRDA:62,4,0,2
BRDA:62,4,1,1
BRDA:102,5,0,16
BRDA:102,5,1,32
BRDA:114,6,0,7
BRDA:114,6,1,25
BRDA:116,7,0,25
BRDA:116,7,1,7
BRF:16
BRH:16
end_of_record
TN:
SF:src/index.ts
FNF:0
FNH:0
DA:1,2
DA:2,2
LF:2
LH:2
BRF:0
BRH:0
end_of_record
